<?xml version="1.0" encoding="UTF-8"?>
<testsuite name="no.testframework.javalibrary.runtime.TestSuiteRegistryTest" tests="7" skipped="0" failures="0" errors="0" timestamp="2026-03-04T11:41:15.891Z" hostname="SN6853" time="0.012">
  <properties/>
  <testcase name="emptySetReturnsNoSuites()" classname="no.testframework.javalibrary.runtime.TestSuiteRegistryTest" time="0.001"/>
  <testcase name="suiteClassReferenceIsPreserved()" classname="no.testframework.javalibrary.runtime.TestSuiteRegistryTest" time="0.004"/>
  <testcase name="ignoresClassesWithoutAnnotation()" classname="no.testframework.javalibrary.runtime.TestSuiteRegistryTest" time="0.001"/>
  <testcase name="discoversSuiteAnnotatedClasses()" classname="no.testframework.javalibrary.runtime.TestSuiteRegistryTest" time="0.001"/>
  <testcase name="discoversAllTestCasesInSuite()" classname="no.testframework.javalibrary.runtime.TestSuiteRegistryTest" time="0.002"/>
  <testcase name="suiteNameFallsBackToSimpleClassNameWhenNotSet()" classname="no.testframework.javalibrary.runtime.TestSuiteRegistryTest" time="0.001"/>
  <testcase name="suiteDescriptionIsPreserved()" classname="no.testframework.javalibrary.runtime.TestSuiteRegistryTest" time="0.001"/>
  <system-out><![CDATA[]]></system-out>
  <system-err><![CDATA[[Test worker] INFO no.testframework.javalibrary.runtime.TestSuiteRegistry - Total suites discovered: 0
[Test worker] INFO no.testframework.javalibrary.runtime.TestSuiteRegistry - Discovered suite: 'Suite A' with 2 test(s)
[Test worker] INFO no.testframework.javalibrary.runtime.TestSuiteRegistry - Total suites discovered: 1
[Test worker] INFO no.testframework.javalibrary.runtime.TestSuiteRegistry - Discovered suite: 'Suite A' with 2 test(s)
[Test worker] INFO no.testframework.javalibrary.runtime.TestSuiteRegistry - Total suites discovered: 1
[Test worker] INFO no.testframework.javalibrary.runtime.TestSuiteRegistry - Discovered suite: 'Suite B' with 1 test(s)
[Test worker] INFO no.testframework.javalibrary.runtime.TestSuiteRegistry - Discovered suite: 'Suite A' with 2 test(s)
[Test worker] INFO no.testframework.javalibrary.runtime.TestSuiteRegistry - Total suites discovered: 2
[Test worker] INFO no.testframework.javalibrary.runtime.TestSuiteRegistry - Discovered suite: 'Suite A' with 2 test(s)
[Test worker] INFO no.testframework.javalibrary.runtime.TestSuiteRegistry - Total suites discovered: 1
[Test worker] INFO no.testframework.javalibrary.runtime.TestSuiteRegistry - Discovered suite: 'UnnamedSuite' with 1 test(s)
[Test worker] INFO no.testframework.javalibrary.runtime.TestSuiteRegistry - Total suites discovered: 1
[Test worker] INFO no.testframework.javalibrary.runtime.TestSuiteRegistry - Discovered suite: 'Suite A' with 2 test(s)
[Test worker] INFO no.testframework.javalibrary.runtime.TestSuiteRegistry - Total suites discovered: 1
]]></system-err>
</testsuite>
