<?xml version="1.0" encoding="UTF-8"?>
<testsuite name="no.testframework.javalibrary.runtime.SuiteReporterTest" tests="8" skipped="0" failures="0" errors="0" timestamp="2026-03-04T11:41:15.121Z" hostname="SN6853" time="0.031">
  <properties/>
  <testcase name="reportDoesNotThrowWhenSuiteHasFailures()" classname="no.testframework.javalibrary.runtime.SuiteReporterTest" time="0.003"/>
  <testcase name="reportDoesNotThrowForEmptyResults()" classname="no.testframework.javalibrary.runtime.SuiteReporterTest" time="0.003"/>
  <testcase name="reportDoesNotThrowWithBlankDescription()" classname="no.testframework.javalibrary.runtime.SuiteReporterTest" time="0.002"/>
  <testcase name="reportDoesNotThrowForTimedOutTest()" classname="no.testframework.javalibrary.runtime.SuiteReporterTest" time="0.002"/>
  <testcase name="reportDoesNotThrowForVeryLongTestNameAndErrorMessage()" classname="no.testframework.javalibrary.runtime.SuiteReporterTest" time="0.004"/>
  <testcase name="reportDoesNotThrowWithNullDescription()" classname="no.testframework.javalibrary.runtime.SuiteReporterTest" time="0.002"/>
  <testcase name="reportDoesNotThrowForAllPassingSuite()" classname="no.testframework.javalibrary.runtime.SuiteReporterTest" time="0.002"/>
  <testcase name="reportDoesNotThrowForLargeSuite()" classname="no.testframework.javalibrary.runtime.SuiteReporterTest" time="0.009"/>
  <system-out><![CDATA[]]></system-out>
  <system-err><![CDATA[[Test worker] INFO no.testframework.javalibrary.runtime.SuiteReporter - ╔══════════════════════════════════════════════════════════════╗
[Test worker] INFO no.testframework.javalibrary.runtime.SuiteReporter - ║  TEST SUITE: Mixed Suite                                     ║
[Test worker] INFO no.testframework.javalibrary.runtime.SuiteReporter - ║  Description: Has a failure                                  ║
[Test worker] INFO no.testframework.javalibrary.runtime.SuiteReporter - ╠══════════════════════════════════════════════════════════════╣
[Test worker] INFO no.testframework.javalibrary.runtime.SuiteReporter - ║  ✔  passes                                 (    5 ms)        ║
[Test worker] INFO no.testframework.javalibrary.runtime.SuiteReporter - ║  ✘  fails                                  (    3 ms)        ║
[Test worker] INFO no.testframework.javalibrary.runtime.SuiteReporter - ║     → expected <true> but was <false>                        ║
[Test worker] INFO no.testframework.javalibrary.runtime.SuiteReporter - ╠══════════════════════════════════════════════════════════════╣
[Test worker] INFO no.testframework.javalibrary.runtime.SuiteReporter - ║  PASSED: 1    FAILED: 1    TOTAL: 2    TIME: 8 ms            ║
[Test worker] INFO no.testframework.javalibrary.runtime.SuiteReporter - ╚══════════════════════════════════════════════════════════════╝
[Test worker] INFO no.testframework.javalibrary.runtime.SuiteReporter - ╔══════════════════════════════════════════════════════════════╗
[Test worker] INFO no.testframework.javalibrary.runtime.SuiteReporter - ║  TEST SUITE: Empty Suite                                     ║
[Test worker] INFO no.testframework.javalibrary.runtime.SuiteReporter - ║  Description: No tests                                       ║
[Test worker] INFO no.testframework.javalibrary.runtime.SuiteReporter - ╠══════════════════════════════════════════════════════════════╣
[Test worker] INFO no.testframework.javalibrary.runtime.SuiteReporter - ╠══════════════════════════════════════════════════════════════╣
[Test worker] INFO no.testframework.javalibrary.runtime.SuiteReporter - ║  PASSED: 0    FAILED: 0    TOTAL: 0    TIME: 0 ms            ║
[Test worker] INFO no.testframework.javalibrary.runtime.SuiteReporter - ╚══════════════════════════════════════════════════════════════╝
[Test worker] INFO no.testframework.javalibrary.runtime.SuiteReporter - ╔══════════════════════════════════════════════════════════════╗
[Test worker] INFO no.testframework.javalibrary.runtime.SuiteReporter - ║  TEST SUITE: Suite                                           ║
[Test worker] INFO no.testframework.javalibrary.runtime.SuiteReporter - ╠══════════════════════════════════════════════════════════════╣
[Test worker] INFO no.testframework.javalibrary.runtime.SuiteReporter - ║  ✔  test                                   (    1 ms)        ║
[Test worker] INFO no.testframework.javalibrary.runtime.SuiteReporter - ╠══════════════════════════════════════════════════════════════╣
[Test worker] INFO no.testframework.javalibrary.runtime.SuiteReporter - ║  PASSED: 1    FAILED: 0    TOTAL: 1    TIME: 1 ms            ║
[Test worker] INFO no.testframework.javalibrary.runtime.SuiteReporter - ╚══════════════════════════════════════════════════════════════╝
[Test worker] INFO no.testframework.javalibrary.runtime.SuiteReporter - ╔══════════════════════════════════════════════════════════════╗
[Test worker] INFO no.testframework.javalibrary.runtime.SuiteReporter - ║  TEST SUITE: Timeout Suite                                   ║
[Test worker] INFO no.testframework.javalibrary.runtime.SuiteReporter - ║  Description: Timeout scenario                               ║
[Test worker] INFO no.testframework.javalibrary.runtime.SuiteReporter - ╠══════════════════════════════════════════════════════════════╣
[Test worker] INFO no.testframework.javalibrary.runtime.SuiteReporter - ║  ⏱  slowTest                               (  103 ms)        ║
[Test worker] INFO no.testframework.javalibrary.runtime.SuiteReporter - ║     → Test timed out after 100ms                             ║
[Test worker] INFO no.testframework.javalibrary.runtime.SuiteReporter - ╠══════════════════════════════════════════════════════════════╣
[Test worker] INFO no.testframework.javalibrary.runtime.SuiteReporter - ║  PASSED: 0    FAILED: 1    TOTAL: 1    TIME: 103 ms          ║
[Test worker] INFO no.testframework.javalibrary.runtime.SuiteReporter - ╚══════════════════════════════════════════════════════════════╝
[Test worker] INFO no.testframework.javalibrary.runtime.SuiteReporter - ╔══════════════════════════════════════════════════════════════╗
[Test worker] INFO no.testframework.javalibrary.runtime.SuiteReporter - ║  TEST SUITE: Long Name Suite                                 ║
[Test worker] INFO no.testframework.javalibrary.runtime.SuiteReporter - ║  Description: Tests truncation                               ║
[Test worker] INFO no.testframework.javalibrary.runtime.SuiteReporter - ╠══════════════════════════════════════════════════════════════╣
[Test worker] INFO no.testframework.javalibrary.runtime.SuiteReporter - ║  ✘  aaaaaaaaaaaaaaaaaaaaaaaaaaaaaaaaaaaaa… (   99 ms)        ║
[Test worker] INFO no.testframework.javalibrary.runtime.SuiteReporter - ║     → Expected something very specific but got something com…║
[Test worker] INFO no.testframework.javalibrary.runtime.SuiteReporter - ╠══════════════════════════════════════════════════════════════╣
[Test worker] INFO no.testframework.javalibrary.runtime.SuiteReporter - ║  PASSED: 0    FAILED: 1    TOTAL: 1    TIME: 99 ms           ║
[Test worker] INFO no.testframework.javalibrary.runtime.SuiteReporter - ╚══════════════════════════════════════════════════════════════╝
[Test worker] INFO no.testframework.javalibrary.runtime.SuiteReporter - ╔══════════════════════════════════════════════════════════════╗
[Test worker] INFO no.testframework.javalibrary.runtime.SuiteReporter - ║  TEST SUITE: Suite                                           ║
[Test worker] INFO no.testframework.javalibrary.runtime.SuiteReporter - ╠══════════════════════════════════════════════════════════════╣
[Test worker] INFO no.testframework.javalibrary.runtime.SuiteReporter - ║  ✔  test                                   (    1 ms)        ║
[Test worker] INFO no.testframework.javalibrary.runtime.SuiteReporter - ╠══════════════════════════════════════════════════════════════╣
[Test worker] INFO no.testframework.javalibrary.runtime.SuiteReporter - ║  PASSED: 1    FAILED: 0    TOTAL: 1    TIME: 1 ms            ║
[Test worker] INFO no.testframework.javalibrary.runtime.SuiteReporter - ╚══════════════════════════════════════════════════════════════╝
[Test worker] INFO no.testframework.javalibrary.runtime.SuiteReporter - ╔══════════════════════════════════════════════════════════════╗
[Test worker] INFO no.testframework.javalibrary.runtime.SuiteReporter - ║  TEST SUITE: Auth Suite                                      ║
[Test worker] INFO no.testframework.javalibrary.runtime.SuiteReporter - ║  Description: Authentication tests                           ║
[Test worker] INFO no.testframework.javalibrary.runtime.SuiteReporter - ╠══════════════════════════════════════════════════════════════╣
[Test worker] INFO no.testframework.javalibrary.runtime.SuiteReporter - ║  ✔  loginCheck                             (   12 ms)        ║
[Test worker] INFO no.testframework.javalibrary.runtime.SuiteReporter - ║  ✔  logoutCheck                            (    8 ms)        ║
[Test worker] INFO no.testframework.javalibrary.runtime.SuiteReporter - ╠══════════════════════════════════════════════════════════════╣
[Test worker] INFO no.testframework.javalibrary.runtime.SuiteReporter - ║  PASSED: 2    FAILED: 0    TOTAL: 2    TIME: 20 ms           ║
[Test worker] INFO no.testframework.javalibrary.runtime.SuiteReporter - ╚══════════════════════════════════════════════════════════════╝
[Test worker] INFO no.testframework.javalibrary.runtime.SuiteReporter - ╔══════════════════════════════════════════════════════════════╗
[Test worker] INFO no.testframework.javalibrary.runtime.SuiteReporter - ║  TEST SUITE: Big Suite                                       ║
[Test worker] INFO no.testframework.javalibrary.runtime.SuiteReporter - ║  Description: 50 tests                                       ║
[Test worker] INFO no.testframework.javalibrary.runtime.SuiteReporter - ╠══════════════════════════════════════════════════════════════╣
[Test worker] INFO no.testframework.javalibrary.runtime.SuiteReporter - ║  ✘  test0                                  (    0 ms)        ║
[Test worker] INFO no.testframework.javalibrary.runtime.SuiteReporter - ║     → failure 0                                              ║
[Test worker] INFO no.testframework.javalibrary.runtime.SuiteReporter - ║  ✔  test1                                  (   10 ms)        ║
[Test worker] INFO no.testframework.javalibrary.runtime.SuiteReporter - ║  ✔  test2                                  (   20 ms)        ║
[Test worker] INFO no.testframework.javalibrary.runtime.SuiteReporter - ║  ✘  test3                                  (   30 ms)        ║
[Test worker] INFO no.testframework.javalibrary.runtime.SuiteReporter - ║     → failure 3                                              ║
[Test worker] INFO no.testframework.javalibrary.runtime.SuiteReporter - ║  ✔  test4                                  (   40 ms)        ║
[Test worker] INFO no.testframework.javalibrary.runtime.SuiteReporter - ║  ✔  test5                                  (   50 ms)        ║
[Test worker] INFO no.testframework.javalibrary.runtime.SuiteReporter - ║  ✘  test6                                  (   60 ms)        ║
[Test worker] INFO no.testframework.javalibrary.runtime.SuiteReporter - ║     → failure 6                                              ║
[Test worker] INFO no.testframework.javalibrary.runtime.SuiteReporter - ║  ✔  test7                                  (   70 ms)        ║
[Test worker] INFO no.testframework.javalibrary.runtime.SuiteReporter - ║  ✔  test8                                  (   80 ms)        ║
[Test worker] INFO no.testframework.javalibrary.runtime.SuiteReporter - ║  ✘  test9                                  (   90 ms)        ║
[Test worker] INFO no.testframework.javalibrary.runtime.SuiteReporter - ║     → failure 9                                              ║
[Test worker] INFO no.testframework.javalibrary.runtime.SuiteReporter - ║  ✔  test10                                 (  100 ms)        ║
[Test worker] INFO no.testframework.javalibrary.runtime.SuiteReporter - ║  ✔  test11                                 (  110 ms)        ║
[Test worker] INFO no.testframework.javalibrary.runtime.SuiteReporter - ║  ✘  test12                                 (  120 ms)        ║
[Test worker] INFO no.testframework.javalibrary.runtime.SuiteReporter - ║     → failure 12                                             ║
[Test worker] INFO no.testframework.javalibrary.runtime.SuiteReporter - ║  ✔  test13                                 (  130 ms)        ║
[Test worker] INFO no.testframework.javalibrary.runtime.SuiteReporter - ║  ✔  test14                                 (  140 ms)        ║
[Test worker] INFO no.testframework.javalibrary.runtime.SuiteReporter - ║  ✘  test15                                 (  150 ms)        ║
[Test worker] INFO no.testframework.javalibrary.runtime.SuiteReporter - ║     → failure 15                                             ║
[Test worker] INFO no.testframework.javalibrary.runtime.SuiteReporter - ║  ✔  test16                                 (  160 ms)        ║
[Test worker] INFO no.testframework.javalibrary.runtime.SuiteReporter - ║  ✔  test17                                 (  170 ms)        ║
[Test worker] INFO no.testframework.javalibrary.runtime.SuiteReporter - ║  ✘  test18                                 (  180 ms)        ║
[Test worker] INFO no.testframework.javalibrary.runtime.SuiteReporter - ║     → failure 18                                             ║
[Test worker] INFO no.testframework.javalibrary.runtime.SuiteReporter - ║  ✔  test19                                 (  190 ms)        ║
[Test worker] INFO no.testframework.javalibrary.runtime.SuiteReporter - ║  ✔  test20                                 (  200 ms)        ║
[Test worker] INFO no.testframework.javalibrary.runtime.SuiteReporter - ║  ✘  test21                                 (  210 ms)        ║
[Test worker] INFO no.testframework.javalibrary.runtime.SuiteReporter - ║     → failure 21                                             ║
[Test worker] INFO no.testframework.javalibrary.runtime.SuiteReporter - ║  ✔  test22                                 (  220 ms)        ║
[Test worker] INFO no.testframework.javalibrary.runtime.SuiteReporter - ║  ✔  test23                                 (  230 ms)        ║
[Test worker] INFO no.testframework.javalibrary.runtime.SuiteReporter - ║  ✘  test24                                 (  240 ms)        ║
[Test worker] INFO no.testframework.javalibrary.runtime.SuiteReporter - ║     → failure 24                                             ║
[Test worker] INFO no.testframework.javalibrary.runtime.SuiteReporter - ║  ✔  test25                                 (  250 ms)        ║
[Test worker] INFO no.testframework.javalibrary.runtime.SuiteReporter - ║  ✔  test26                                 (  260 ms)        ║
[Test worker] INFO no.testframework.javalibrary.runtime.SuiteReporter - ║  ✘  test27                                 (  270 ms)        ║
[Test worker] INFO no.testframework.javalibrary.runtime.SuiteReporter - ║     → failure 27                                             ║
[Test worker] INFO no.testframework.javalibrary.runtime.SuiteReporter - ║  ✔  test28                                 (  280 ms)        ║
[Test worker] INFO no.testframework.javalibrary.runtime.SuiteReporter - ║  ✔  test29                                 (  290 ms)        ║
[Test worker] INFO no.testframework.javalibrary.runtime.SuiteReporter - ║  ✘  test30                                 (  300 ms)        ║
[Test worker] INFO no.testframework.javalibrary.runtime.SuiteReporter - ║     → failure 30                                             ║
[Test worker] INFO no.testframework.javalibrary.runtime.SuiteReporter - ║  ✔  test31                                 (  310 ms)        ║
[Test worker] INFO no.testframework.javalibrary.runtime.SuiteReporter - ║  ✔  test32                                 (  320 ms)        ║
[Test worker] INFO no.testframework.javalibrary.runtime.SuiteReporter - ║  ✘  test33                                 (  330 ms)        ║
[Test worker] INFO no.testframework.javalibrary.runtime.SuiteReporter - ║     → failure 33                                             ║
[Test worker] INFO no.testframework.javalibrary.runtime.SuiteReporter - ║  ✔  test34                                 (  340 ms)        ║
[Test worker] INFO no.testframework.javalibrary.runtime.SuiteReporter - ║  ✔  test35                                 (  350 ms)        ║
[Test worker] INFO no.testframework.javalibrary.runtime.SuiteReporter - ║  ✘  test36                                 (  360 ms)        ║
[Test worker] INFO no.testframework.javalibrary.runtime.SuiteReporter - ║     → failure 36                                             ║
[Test worker] INFO no.testframework.javalibrary.runtime.SuiteReporter - ║  ✔  test37                                 (  370 ms)        ║
[Test worker] INFO no.testframework.javalibrary.runtime.SuiteReporter - ║  ✔  test38                                 (  380 ms)        ║
[Test worker] INFO no.testframework.javalibrary.runtime.SuiteReporter - ║  ✘  test39                                 (  390 ms)        ║
[Test worker] INFO no.testframework.javalibrary.runtime.SuiteReporter - ║     → failure 39                                             ║
[Test worker] INFO no.testframework.javalibrary.runtime.SuiteReporter - ║  ✔  test40                                 (  400 ms)        ║
[Test worker] INFO no.testframework.javalibrary.runtime.SuiteReporter - ║  ✔  test41                                 (  410 ms)        ║
[Test worker] INFO no.testframework.javalibrary.runtime.SuiteReporter - ║  ✘  test42                                 (  420 ms)        ║
[Test worker] INFO no.testframework.javalibrary.runtime.SuiteReporter - ║     → failure 42                                             ║
[Test worker] INFO no.testframework.javalibrary.runtime.SuiteReporter - ║  ✔  test43                                 (  430 ms)        ║
[Test worker] INFO no.testframework.javalibrary.runtime.SuiteReporter - ║  ✔  test44                                 (  440 ms)        ║
[Test worker] INFO no.testframework.javalibrary.runtime.SuiteReporter - ║  ✘  test45                                 (  450 ms)        ║
[Test worker] INFO no.testframework.javalibrary.runtime.SuiteReporter - ║     → failure 45                                             ║
[Test worker] INFO no.testframework.javalibrary.runtime.SuiteReporter - ║  ✔  test46                                 (  460 ms)        ║
[Test worker] INFO no.testframework.javalibrary.runtime.SuiteReporter - ║  ✔  test47                                 (  470 ms)        ║
[Test worker] INFO no.testframework.javalibrary.runtime.SuiteReporter - ║  ✘  test48                                 (  480 ms)        ║
[Test worker] INFO no.testframework.javalibrary.runtime.SuiteReporter - ║     → failure 48                                             ║
[Test worker] INFO no.testframework.javalibrary.runtime.SuiteReporter - ║  ✔  test49                                 (  490 ms)        ║
[Test worker] INFO no.testframework.javalibrary.runtime.SuiteReporter - ╠══════════════════════════════════════════════════════════════╣
[Test worker] INFO no.testframework.javalibrary.runtime.SuiteReporter - ║  PASSED: 33   FAILED: 17   TOTAL: 50   TIME: 12250 ms        ║
[Test worker] INFO no.testframework.javalibrary.runtime.SuiteReporter - ╚══════════════════════════════════════════════════════════════╝
]]></system-err>
</testsuite>
