<?xml version="1.0" encoding="UTF-8"?>
<testsuite name="no.testframework.javalibrary.runtime.TestRunnerTest" tests="16" skipped="0" failures="0" errors="0" timestamp="2026-03-04T11:41:15.155Z" hostname="SN6853" time="0.734">
  <properties/>
  <testcase name="brokenBeforeEachThrowsRuntimeException()" classname="no.testframework.javalibrary.runtime.TestRunnerTest" time="0.002"/>
  <testcase name="testWithNoTimeoutIsNeverCancelled()" classname="no.testframework.javalibrary.runtime.TestRunnerTest" time="0.213"/>
  <testcase name="afterEachIsCalledEvenWhenTestTimesOut()" classname="no.testframework.javalibrary.runtime.TestRunnerTest" time="0.108"/>
  <testcase name="durationIsRecorded()" classname="no.testframework.javalibrary.runtime.TestRunnerTest" time="0.001"/>
  <testcase name="testExceedingTimeoutIsRecordedAsFailed()" classname="no.testframework.javalibrary.runtime.TestRunnerTest" time="0.108"/>
  <testcase name="lifecycleMethodsAreCalledInCorrectOrder()" classname="no.testframework.javalibrary.runtime.TestRunnerTest" time="0.003"/>
  <testcase name="failingTestIsRecordedAsFailedWithMessage()" classname="no.testframework.javalibrary.runtime.TestRunnerTest" time="0.002"/>
  <testcase name="suiteRunsRemainingTestsAfterOneTimesOut()" classname="no.testframework.javalibrary.runtime.TestRunnerTest" time="0.107"/>
  <testcase name="passingTestIsRecordedAsPassed()" classname="no.testframework.javalibrary.runtime.TestRunnerTest" time="0.001"/>
  <testcase name="timeoutErrorMessageContainsConfiguredLimit()" classname="no.testframework.javalibrary.runtime.TestRunnerTest" time="0.058"/>
  <testcase name="emptyClassReturnsNoResults()" classname="no.testframework.javalibrary.runtime.TestRunnerTest" time="0.001"/>
  <testcase name="mixedSuiteReportsCorrectPassAndFailCounts()" classname="no.testframework.javalibrary.runtime.TestRunnerTest" time="0.003"/>
  <testcase name="testWithinTimeoutPasses()" classname="no.testframework.javalibrary.runtime.TestRunnerTest" time="0.002"/>
  <testcase name="afterEachIsCalledEvenWhenTestFails()" classname="no.testframework.javalibrary.runtime.TestRunnerTest" time="0.002"/>
  <testcase name="testNameFallsBackToMethodNameWhenNotSpecified()" classname="no.testframework.javalibrary.runtime.TestRunnerTest" time="0.002"/>
  <testcase name="timedOutTestDurationReflectsConfiguredTimeout()" classname="no.testframework.javalibrary.runtime.TestRunnerTest" time="0.113"/>
  <system-out><![CDATA[]]></system-out>
  <system-err><![CDATA[]]></system-err>
</testsuite>
